<?xml version="1.0" encoding="UTF-8"?>
<!-- Generated by org.testng.reporters.JUnitReportReporter -->
<testsuite hostname="LAPTOP-0G86REKT" failures="0" tests="1" name="com.todos.tests.AddTodoTest" time="10.989" errors="0" timestamp="12 Feb 2021 19:39:25 GMT">
  <testcase classname="com.todos.tests.AddTodoTest" name="iCanAddTodo" time="10.989"/>
</testsuite> <!-- com.todos.tests.AddTodoTest -->
